[debug] [2025-05-12T07:19:49.691Z] ----------------------------------------------------------------------
[debug] [2025-05-12T07:19:49.694Z] Command:       C:\Program Files\nodejs\node.exe C:\Users\SHIBHAM\AppData\Roaming\npm\node_modules\firebase-tools\lib\bin\firebase.js init
[debug] [2025-05-12T07:19:49.694Z] CLI Version:   14.3.1
[debug] [2025-05-12T07:19:49.694Z] Platform:      win32
[debug] [2025-05-12T07:19:49.694Z] Node Version:  v22.14.0
[debug] [2025-05-12T07:19:49.694Z] Time:          Mon May 12 2025 12:49:49 GMT+0530 (India Standard Time)
[debug] [2025-05-12T07:19:49.695Z] ----------------------------------------------------------------------
[debug] 
[debug] [2025-05-12T07:19:49.905Z] > command requires scopes: ["email","openid","https://www.googleapis.com/auth/cloudplatformprojects.readonly","https://www.googleapis.com/auth/firebase","https://www.googleapis.com/auth/cloud-platform"]
[debug] [2025-05-12T07:19:49.905Z] > authorizing via signed-in user (shivamlovesu2forever@gmail.com)
[info] 
     ######## #### ########  ######## ########     ###     ######  ########
     ##        ##  ##     ## ##       ##     ##  ##   ##  ##       ##
     ######    ##  ########  ######   ########  #########  ######  ######
     ##        ##  ##    ##  ##       ##     ## ##     ##       ## ##
     ##       #### ##     ## ######## ########  ##     ##  ######  ########

You're about to initialize a Firebase project in this directory:

  D:\

Before we get started, keep in mind:

  * You are initializing within an existing Firebase project directory

[info] 
=== Project Setup
[info] 
[info] First, let's associate this project directory with a Firebase project.
[info] You can create multiple project aliases by running firebase use --add, 
[info] but for now we'll just set up a default project.
[info] 
[debug] [2025-05-12T07:20:56.068Z] Using project from CLI flag: expense-tracker-e0028
[debug] [2025-05-12T07:20:56.070Z] Checked if tokens are valid: true, expires at: 1747036679763
[debug] [2025-05-12T07:20:56.070Z] Checked if tokens are valid: true, expires at: 1747036679763
[debug] [2025-05-12T07:20:56.072Z] >>> [apiv2][query] GET https://firebase.googleapis.com/v1beta1/projects/expense-tracker-e0028 [none]
[debug] [2025-05-12T07:20:57.111Z] <<< [apiv2][status] GET https://firebase.googleapis.com/v1beta1/projects/expense-tracker-e0028 403
[debug] [2025-05-12T07:20:57.111Z] <<< [apiv2][body] GET https://firebase.googleapis.com/v1beta1/projects/expense-tracker-e0028 {"error":{"code":403,"message":"The caller does not have permission","status":"PERMISSION_DENIED"}}
[debug] [2025-05-12T07:20:57.112Z] Request to https://firebase.googleapis.com/v1beta1/projects/expense-tracker-e0028 had HTTP Error: 403, The caller does not have permission
[debug] [2025-05-12T07:20:57.659Z] FirebaseError: Request to https://firebase.googleapis.com/v1beta1/projects/expense-tracker-e0028 had HTTP Error: 403, The caller does not have permission
    at responseToError (C:\Users\SHIBHAM\AppData\Roaming\npm\node_modules\firebase-tools\lib\responseToError.js:52:12)
    at RetryOperation._fn (C:\Users\SHIBHAM\AppData\Roaming\npm\node_modules\firebase-tools\lib\apiv2.js:312:77)
    at process.processTicksAndRejections (node:internal/process/task_queues:105:5)
[error] 
[error] Error: Failed to get Firebase project expense-tracker-e0028. Please make sure the project exists and your account has permission to access it.
